<?xml version='1.0' encoding='ISO-8859-1'?>
<!DOCTYPE test-run PUBLIC "-//Software Carpentry//QMTest Result V0.2//EN" "http://www.software-carpentry.com/qm/xml/result.dtd">
<test-run>
 <test-results>
  <result id='regressions.tiny.norm'>
   <outcome>PASS</outcome>
   <property name='target'>local</property>
  </result>
  <result id='regressions.tulip.gridmessagetest'>
   <outcome>PASS</outcome>
   <property name='target'>local</property>
  </result>
  <result id='regressions.field.vectortest'>
   <outcome>PASS</outcome>
   <property name='target'>local</property>
  </result>
  <result id='regressions.domain.domaincalc'>
   <outcome>PASS</outcome>
   <property name='target'>local</property>
  </result>
  <result id='regressions.io.filesetwriter'>
   <outcome>PASS</outcome>
   <property name='target'>local</property>
  </result>
  <result id='regressions.particles.destroy'>
   <outcome>PASS</outcome>
   <property name='target'>local</property>
  </result>
  <result id='regressions.utilities.rcblock_test3'>
   <outcome>PASS</outcome>
   <property name='target'>local</property>
  </result>
  <result id='regressions.utilities.rcblock_test2'>
   <outcome>PASS</outcome>
   <property name='target'>local</property>
  </result>
  <result id='regressions.utilities.rcblock_test1'>
   <outcome>PASS</outcome>
   <property name='target'>local</property>
  </result>
  <result id='regressions.utilities.rcblock_test4'>
   <outcome>PASS</outcome>
   <property name='target'>local</property>
  </result>
  <result id='regressions.array.array_test17'>
   <outcome>PASS</outcome>
   <property name='target'>local</property>
  </result>
  <result id='regressions.engine.brickviewbase_test5'>
   <outcome>PASS</outcome>
   <property name='target'>local</property>
  </result>
  <result id='regressions.utilities.find_most_common_test1'>
   <outcome>PASS</outcome>
   <property name='target'>local</property>
  </result>
  <result id='regressions.io.disklayouttest1'>
   <outcome>PASS</outcome>
   <property name='target'>local</property>
  </result>
  <result id='regressions.coordinatesystems.testcylindrical'>
   <outcome>PASS</outcome>
   <property name='target'>local</property>
  </result>
  <result id='benchmarks.doof2dfield.doof2dfield'>
   <outcome>FAIL</outcome>
   <property name='stderr'>### POOMA Assertion Failure ###
### Field view bounds error.
### File /home/oldham/pooma/pooma0/src/Field/Field.h; Line 769.
Pooma::pAbort called.
In default abort handler.
</property>
   <property name='exit_code'>134</property>
   <property name='cause'>Unexpected exit code, err.</property>
   <property name='target'>local</property>
  </result>
  <result id='regressions.coordinatesystems.cartesiantest1'>
   <outcome>PASS</outcome>
   <property name='target'>local</property>
  </result>
  <result id='regressions.field.fieldtour3'>
   <outcome>PASS</outcome>
   <property name='target'>local</property>
  </result>
  <result id='regressions.field.fieldtour2'>
   <outcome>PASS</outcome>
   <property name='target'>local</property>
  </result>
  <result id='regressions.field.fieldtour1'>
   <outcome>PASS</outcome>
   <property name='target'>local</property>
  </result>
  <result id='regressions.engine.brickviewbase_test4'>
   <outcome>PASS</outcome>
   <property name='target'>local</property>
  </result>
  <result id='regressions.engine.brickviewbase_test3'>
   <outcome>PASS</outcome>
   <property name='target'>local</property>
  </result>
  <result id='regressions.engine.brickviewbase_test2'>
   <outcome>PASS</outcome>
   <property name='target'>local</property>
  </result>
  <result id='regressions.engine.brickviewbase_test1'>
   <outcome>PASS</outcome>
   <property name='target'>local</property>
  </result>
  <result id='regressions.tulip.reduceovercontextstest'>
   <outcome>PASS</outcome>
   <property name='target'>local</property>
  </result>
  <result id='regressions.engine.ump_test2'>
   <outcome>PASS</outcome>
   <property name='target'>local</property>
  </result>
  <result id='regressions.engine.ump_test3'>
   <outcome>PASS</outcome>
   <property name='target'>local</property>
  </result>
  <result id='regressions.engine.ump_test4'>
   <outcome>PASS</outcome>
   <property name='target'>local</property>
  </result>
  <result id='regressions.dynamicarray.dynamic_array_test3'>
   <outcome>PASS</outcome>
   <property name='target'>local</property>
  </result>
  <result id='regressions.engine.ump_test6'>
   <outcome>PASS</outcome>
   <property name='target'>local</property>
  </result>
  <result id='regressions.engine.ump_test7'>
   <outcome>PASS</outcome>
   <property name='target'>local</property>
  </result>
  <result id='regressions.engine.ump_test8'>
   <outcome>PASS</outcome>
   <property name='target'>local</property>
  </result>
  <result id='regressions.engine.ump_test9'>
   <outcome>PASS</outcome>
   <property name='target'>local</property>
  </result>
  <result id='regressions.utilities.delete_test1'>
   <outcome>PASS</outcome>
   <property name='target'>local</property>
  </result>
  <result id='regressions.evaluator.evaluatortest1'>
   <outcome>PASS</outcome>
   <property name='target'>local</property>
  </result>
  <result id='regressions.evaluator.evaluatortest3'>
   <outcome>PASS</outcome>
   <property name='target'>local</property>
  </result>
  <result id='regressions.dynamicarray.dynamic_array_test4'>
   <outcome>PASS</outcome>
   <property name='target'>local</property>
  </result>
  <result id='examples.solvers.rbjacobi2.rbjacobi2'>
   <outcome>PASS</outcome>
   <property name='target'>local</property>
  </result>
  <result id='benchmarks.rbsor.rbsor'>
   <outcome>PASS</outcome>
   <property name='target'>local</property>
  </result>
  <result id='regressions.array.array_test5'>
   <outcome>PASS</outcome>
   <property name='target'>local</property>
  </result>
  <result id='examples.patches.accumulate.umpjacobi'>
   <outcome>PASS</outcome>
   <property name='target'>local</property>
  </result>
  <result id='regressions.field.nearestneighbors'>
   <outcome>FAIL</outcome>
   <property name='exit_code'>1</property>
   <property name='target'>local</property>
   <property name='cause'>Unexpected exit code.</property>
  </result>
  <result id='examples.solvers.blockdecomposed.fivepoint.fivepointsolve'>
   <outcome>FAIL</outcome>
   <property name='stderr'>make: *** [FivePointSolve] Floating point exception
</property>
   <property name='exit_code'>2</property>
   <property name='cause'>Unexpected exit code, err.</property>
   <property name='target'>local</property>
  </result>
  <result id='examples.solvers.umpjacobi.umpjacobi'>
   <outcome>PASS</outcome>
   <property name='target'>local</property>
  </result>
  <result id='examples.particles.pic2d.pic2d'>
   <outcome>FAIL</outcome>
   <property name='stderr'>make: *** [/home/oldham/pooma/pooma0/examples/Particles/PIC2d/LINUXgcc/PIC2d.o] Error 1
</property>
   <property name='exit_code'>2</property>
   <property name='cause'>Unexpected exit code, err.</property>
   <property name='target'>local</property>
  </result>
  <result id='regressions.layout.uniformgridlayout_test'>
   <outcome>PASS</outcome>
   <property name='target'>local</property>
  </result>
  <result id='benchmarks.blitzloops.blitzloops'>
   <outcome>PASS</outcome>
   <property name='target'>local</property>
  </result>
  <result id='examples.paws.sender'>
   <outcome>PASS</outcome>
   <property name='target'>local</property>
  </result>
  <result id='regressions.field.basictest1'>
   <outcome>PASS</outcome>
   <property name='target'>local</property>
  </result>
  <result id='benchmarks.doof3d.doof3d'>
   <outcome>PASS</outcome>
   <property name='target'>local</property>
  </result>
  <result id='benchmarks.solvers.krylov.cga'>
   <outcome>PASS</outcome>
   <property name='target'>local</property>
  </result>
  <result id='examples.solvers.residuals2.residuals2'>
   <outcome>PASS</outcome>
   <property name='target'>local</property>
  </result>
  <result id='examples.solvers.rbjacobi.rbjacobi'>
   <outcome>PASS</outcome>
   <property name='target'>local</property>
  </result>
  <result id='regressions.field.gradient'>
   <outcome>PASS</outcome>
   <property name='target'>local</property>
  </result>
  <result id='regressions.particles.particle_bench4'>
   <outcome>FAIL</outcome>
   <property name='stderr'>make: *** [/home/oldham/pooma/pooma0/src/Particles/tests/LINUXgcc/particle_bench4.o] Error 1
</property>
   <property name='exit_code'>2</property>
   <property name='cause'>Unexpected exit code, err.</property>
   <property name='target'>local</property>
  </result>
  <result id='regressions.particles.particle_bench2'>
   <outcome>FAIL</outcome>
   <property name='stderr'>make: *** [/home/oldham/pooma/pooma0/src/Particles/tests/LINUXgcc/particle_bench2.o] Error 1
</property>
   <property name='exit_code'>2</property>
   <property name='cause'>Unexpected exit code, err.</property>
   <property name='target'>local</property>
  </result>
  <result id='regressions.particles.particle_bench3'>
   <outcome>FAIL</outcome>
   <property name='stderr'>make: *** [/home/oldham/pooma/pooma0/src/Particles/tests/LINUXgcc/particle_bench3.o] Error 1
</property>
   <property name='exit_code'>2</property>
   <property name='cause'>Unexpected exit code, err.</property>
   <property name='target'>local</property>
  </result>
  <result id='examples.field.scalaradvection.scalaradvection'>
   <outcome>FAIL</outcome>
   <property name='stderr'>make: *** [/home/oldham/pooma/pooma0/examples/Field/ScalarAdvection/LINUXgcc/ScalarAdvection.o] Error 1
</property>
   <property name='exit_code'>2</property>
   <property name='cause'>Unexpected exit code, err.</property>
   <property name='target'>local</property>
  </result>
  <result id='regressions.particles.particle_bench1'>
   <outcome>FAIL</outcome>
   <property name='stderr'>make: *** [/home/oldham/pooma/pooma0/src/Particles/tests/LINUXgcc/particle_bench1.o] Error 1
</property>
   <property name='exit_code'>2</property>
   <property name='cause'>Unexpected exit code, err.</property>
   <property name='target'>local</property>
  </result>
  <result id='regressions.field.scalarcode'>
   <outcome>PASS</outcome>
   <property name='target'>local</property>
  </result>
  <result id='regressions.engine.gmp_test4'>
   <outcome>PASS</outcome>
   <property name='target'>local</property>
  </result>
  <result id='examples.field.laplace2.laplace2'>
   <outcome>FAIL</outcome>
   <property name='stderr'>make: *** [/home/oldham/pooma/pooma0/examples/Field/Laplace2/LINUXgcc/Laplace2.o] Error 1
</property>
   <property name='exit_code'>2</property>
   <property name='cause'>Unexpected exit code, err.</property>
   <property name='target'>local</property>
  </result>
  <result id='regressions.utilities.rcptr_test1'>
   <outcome>PASS</outcome>
   <property name='target'>local</property>
  </result>
  <result id='regressions.utilities.rcptr_test2'>
   <outcome>PASS</outcome>
   <property name='target'>local</property>
  </result>
  <result id='regressions.tiny.t1'>
   <outcome>PASS</outcome>
   <property name='target'>local</property>
  </result>
  <result id='regressions.tiny.t2'>
   <outcome>PASS</outcome>
   <property name='target'>local</property>
  </result>
  <result id='regressions.domain.iteratorpairdomaintest1'>
   <outcome>PASS</outcome>
   <property name='target'>local</property>
  </result>
  <result id='examples.solvers.periodicjacobi.periodicjacobi'>
   <outcome>PASS</outcome>
   <property name='target'>local</property>
  </result>
  <result id='regressions.domain.iteratorpairdomaintest2'>
   <outcome>PASS</outcome>
   <property name='target'>local</property>
  </result>
  <result id='regressions.dynamicarray.dynamic_array_badcreate'>
   <outcome>PASS</outcome>
   <property name='target'>local</property>
  </result>
  <result id='regressions.domain.domainmap'>
   <outcome>PASS</outcome>
   <property name='target'>local</property>
  </result>
  <result id='examples.lattice.coordinate'>
   <outcome>FAIL</outcome>
   <property name='stderr'>make: *** [/home/oldham/pooma/pooma0/examples/Lattice/LINUXgcc/Coordinate.o] Error 1
</property>
   <property name='exit_code'>2</property>
   <property name='cause'>Unexpected exit code, err.</property>
   <property name='target'>local</property>
  </result>
  <result id='regressions.utilities.assert_test1'>
   <outcome>PASS</outcome>
   <property name='target'>local</property>
  </result>
  <result id='examples.solvers.blockdecomposed.ninepoint.ninepointsolve'>
   <outcome>FAIL</outcome>
   <property name='stderr'>make: *** [NinePointSolve] Floating point exception
</property>
   <property name='exit_code'>2</property>
   <property name='cause'>Unexpected exit code, err.</property>
   <property name='target'>local</property>
  </result>
  <result id='examples.patches.threaded.umpjacobi'>
   <outcome>PASS</outcome>
   <property name='target'>local</property>
  </result>
  <result id='examples.field.scalaradvection1d.scalaradvection1d'>
   <outcome>FAIL</outcome>
   <property name='stderr'>make: *** [/home/oldham/pooma/pooma0/examples/Field/ScalarAdvection1D/LINUXgcc/ScalarAdvection1D.o] Error 1
</property>
   <property name='exit_code'>2</property>
   <property name='cause'>Unexpected exit code, err.</property>
   <property name='target'>local</property>
  </result>
  <result id='regressions.transform.fftwtest1'>
   <outcome>PASS</outcome>
   <property name='target'>local</property>
  </result>
  <result id='examples.particles.oscillation.oscillation'>
   <outcome>FAIL</outcome>
   <property name='stderr'>make: *** [/home/oldham/pooma/pooma0/examples/Particles/Oscillation/LINUXgcc/Oscillation.o] Error 1
</property>
   <property name='exit_code'>2</property>
   <property name='cause'>Unexpected exit code, err.</property>
   <property name='target'>local</property>
  </result>
  <result id='regressions.field.offsetreduction'>
   <outcome>PASS</outcome>
   <property name='target'>local</property>
  </result>
  <result id='regressions.domain.indirectionlist_test1'>
   <outcome>PASS</outcome>
   <property name='target'>local</property>
  </result>
  <result id='examples.stencil.laplace.laplace'>
   <outcome>PASS</outcome>
   <property name='target'>local</property>
  </result>
  <result id='examples.indirection.fft.fft'>
   <outcome>PASS</outcome>
   <property name='target'>local</property>
  </result>
  <result id='regressions.engine.brickbase_test1'>
   <outcome>PASS</outcome>
   <property name='target'>local</property>
  </result>
  <result id='regressions.layout.sparsetilelayout_test'>
   <outcome>PASS</outcome>
   <property name='target'>local</property>
  </result>
  <result id='regressions.layout.dynamiclayout_test1'>
   <outcome>PASS</outcome>
   <property name='target'>local</property>
  </result>
  <result id='regressions.particles.particle_test3'>
   <outcome>FAIL</outcome>
   <property name='stderr'>make: *** [/home/oldham/pooma/pooma0/src/Particles/tests/LINUXgcc/particle_test3.o] Error 1
</property>
   <property name='exit_code'>2</property>
   <property name='cause'>Unexpected exit code, err.</property>
   <property name='target'>local</property>
  </result>
  <result id='regressions.layout.dynamiclayout_test2'>
   <outcome>PASS</outcome>
   <property name='target'>local</property>
  </result>
  <result id='regressions.array.array_test9'>
   <outcome>PASS</outcome>
   <property name='target'>local</property>
  </result>
  <result id='regressions.tiny.testsymmetrictensors'>
   <outcome>PASS</outcome>
   <property name='target'>local</property>
  </result>
  <result id='regressions.particles.uniform'>
   <outcome>PASS</outcome>
   <property name='target'>local</property>
  </result>
  <result id='regressions.array.array_test4'>
   <outcome>PASS</outcome>
   <property name='target'>local</property>
  </result>
  <result id='regressions.evaluator.compressibletest1'>
   <outcome>PASS</outcome>
   <property name='target'>local</property>
  </result>
  <result id='regressions.dynamicarray.dynamic_array_test1'>
   <outcome>PASS</outcome>
   <property name='target'>local</property>
  </result>
  <result id='regressions.dynamicarray.dynamic_array_test2'>
   <outcome>PASS</outcome>
   <property name='target'>local</property>
  </result>
  <result id='regressions.field.basictest2'>
   <outcome>PASS</outcome>
   <property name='target'>local</property>
  </result>
  <result id='examples.stencil.life.life'>
   <outcome>PASS</outcome>
   <property name='target'>local</property>
  </result>
  <result id='regressions.field.stenciltests'>
   <outcome>PASS</outcome>
   <property name='target'>local</property>
  </result>
  <result id='benchmarks.acoustic2d.acoustic2d'>
   <outcome>PASS</outcome>
   <property name='target'>local</property>
  </result>
  <result id='regressions.connect.lux.lux_test2'>
   <outcome>FAIL</outcome>
   <property name='stderr'>make: *** [/home/oldham/pooma/pooma0/src/Connect/Lux/tests/LINUXgcc/lux_test2.o] Error 1
</property>
   <property name='exit_code'>2</property>
   <property name='cause'>Unexpected exit code, err.</property>
   <property name='target'>local</property>
  </result>
  <result id='examples.field.caramana.caramana'>
   <outcome>FAIL</outcome>
   <property name='stderr'>make: *** [/home/oldham/pooma/pooma0/examples/Field/Caramana/LINUXgcc/Caramana.o] Error 1
</property>
   <property name='exit_code'>2</property>
   <property name='cause'>Unexpected exit code, err.</property>
   <property name='target'>local</property>
  </result>
  <result id='examples.gkpoisson.gkpoisson'>
   <outcome>PASS</outcome>
   <property name='target'>local</property>
  </result>
  <result id='regressions.field.expressiontest'>
   <outcome>PASS</outcome>
   <property name='target'>local</property>
  </result>
  <result id='regressions.engine.dynamic_test1'>
   <outcome>PASS</outcome>
   <property name='target'>local</property>
  </result>
  <result id='regressions.engine.dynamic_test2'>
   <outcome>PASS</outcome>
   <property name='target'>local</property>
  </result>
  <result id='regressions.databrowser.testdatabrowser'>
   <outcome>FAIL</outcome>
   <property name='stderr'>make: *** [/home/oldham/pooma/pooma0/src/DataBrowser/tests/LINUXgcc/TestDataBrowser.o] Error 1
</property>
   <property name='exit_code'>2</property>
   <property name='cause'>Unexpected exit code, err.</property>
   <property name='target'>local</property>
  </result>
  <result id='regressions.field.centerings'>
   <outcome>PASS</outcome>
   <property name='target'>local</property>
  </result>
  <result id='regressions.layout.ugl_test2'>
   <outcome>PASS</outcome>
   <property name='target'>local</property>
  </result>
  <result id='regressions.engine.makeowncopy'>
   <outcome>PASS</outcome>
   <property name='target'>local</property>
  </result>
  <result id='regressions.tiny.testtrace'>
   <outcome>PASS</outcome>
   <property name='target'>local</property>
  </result>
  <result id='regressions.domain.shrinktest'>
   <outcome>PASS</outcome>
   <property name='target'>local</property>
  </result>
  <result id='regressions.domain.iterator'>
   <outcome>PASS</outcome>
   <property name='target'>local</property>
  </result>
  <result id='examples.solvers.gmpguardedjacobi.gmpguardedjacobi'>
   <outcome>PASS</outcome>
   <property name='target'>local</property>
  </result>
  <result id='regressions.layout.gridlayout_test'>
   <outcome>PASS</outcome>
   <property name='target'>local</property>
  </result>
  <result id='regressions.tiny.testsymmetrize'>
   <outcome>PASS</outcome>
   <property name='target'>local</property>
  </result>
  <result id='regressions.layout.giddatabasetest'>
   <outcome>PASS</outcome>
   <property name='target'>local</property>
  </result>
  <result id='regressions.field.localpatch'>
   <outcome>FAIL</outcome>
   <property name='stderr'>make: *** [/home/oldham/pooma/pooma0/src/Field/tests/LINUXgcc/LocalPatch.o] Error 1
</property>
   <property name='exit_code'>2</property>
   <property name='cause'>Unexpected exit code, err.</property>
   <property name='target'>local</property>
  </result>
  <result id='regressions.tiny.testdiagonaltensors'>
   <outcome>PASS</outcome>
   <property name='target'>local</property>
  </result>
  <result id='regressions.field.replicate'>
   <outcome>PASS</outcome>
   <property name='target'>local</property>
  </result>
  <result id='regressions.array.array_test19'>
   <outcome>PASS</outcome>
   <property name='target'>local</property>
  </result>
  <result id='regressions.array.array_test18'>
   <outcome>PASS</outcome>
   <property name='target'>local</property>
  </result>
  <result id='regressions.array.array_test13'>
   <outcome>PASS</outcome>
   <property name='target'>local</property>
  </result>
  <result id='regressions.array.array_test12'>
   <outcome>PASS</outcome>
   <property name='target'>local</property>
  </result>
  <result id='regressions.array.array_test11'>
   <outcome>PASS</outcome>
   <property name='target'>local</property>
  </result>
  <result id='regressions.array.array_test10'>
   <outcome>PASS</outcome>
   <property name='target'>local</property>
  </result>
  <result id='regressions.engine.remotedynamictest1'>
   <outcome>PASS</outcome>
   <property name='target'>local</property>
  </result>
  <result id='regressions.array.array_test16'>
   <outcome>PASS</outcome>
   <property name='target'>local</property>
  </result>
  <result id='regressions.array.array_test15'>
   <outcome>PASS</outcome>
   <property name='target'>local</property>
  </result>
  <result id='regressions.array.array_test14'>
   <outcome>PASS</outcome>
   <property name='target'>local</property>
  </result>
  <result id='benchmarks.doof2dxc.doof2dxc'>
   <outcome>PASS</outcome>
   <property name='target'>local</property>
  </result>
  <result id='examples.solvers.jacobi.driver'>
   <outcome>PASS</outcome>
   <property name='target'>local</property>
  </result>
  <result id='regressions.field.fieldreductions'>
   <outcome>PASS</outcome>
   <property name='target'>local</property>
  </result>
  <result id='regressions.tiny.testtensors'>
   <outcome>PASS</outcome>
   <property name='target'>local</property>
  </result>
  <result id='regressions.engine.brick_test4'>
   <outcome>PASS</outcome>
   <property name='target'>local</property>
  </result>
  <result id='regressions.engine.brick_test3'>
   <outcome>PASS</outcome>
   <property name='target'>local</property>
  </result>
  <result id='regressions.engine.brick_test2'>
   <outcome>PASS</outcome>
   <property name='target'>local</property>
  </result>
  <result id='regressions.engine.brick_test1'>
   <outcome>PASS</outcome>
   <property name='target'>local</property>
  </result>
  <result id='regressions.engine.dynamiclayout_test1'>
   <outcome>PASS</outcome>
   <property name='target'>local</property>
  </result>
  <result id='examples.solvers.umpguardedjacobi.umpguardedjacobi'>
   <outcome>PASS</outcome>
   <property name='target'>local</property>
  </result>
  <result id='regressions.engine.ump_test5'>
   <outcome>PASS</outcome>
   <property name='target'>local</property>
  </result>
  <result id='regressions.layout.domainlayout'>
   <outcome>PASS</outcome>
   <property name='target'>local</property>
  </result>
  <result id='regressions.evaluator.reductiontest4'>
   <outcome>PASS</outcome>
   <property name='target'>local</property>
  </result>
  <result id='regressions.engine.brickview_test2'>
   <outcome>PASS</outcome>
   <property name='target'>local</property>
  </result>
  <result id='regressions.field.testmeshfunctions'>
   <outcome>PASS</outcome>
   <property name='target'>local</property>
  </result>
  <result id='benchmarks.abctest.abctest'>
   <outcome>PASS</outcome>
   <property name='target'>local</property>
  </result>
  <result id='regressions.evaluator.reductiontest3'>
   <outcome>PASS</outcome>
   <property name='target'>local</property>
  </result>
  <result id='regressions.evaluator.reductiontest2'>
   <outcome>PASS</outcome>
   <property name='target'>local</property>
  </result>
  <result id='regressions.io.diskmetatest1'>
   <outcome>PASS</outcome>
   <property name='target'>local</property>
  </result>
  <result id='regressions.array.array_test26'>
   <outcome>PASS</outcome>
   <property name='target'>local</property>
  </result>
  <result id='regressions.array.array_test27'>
   <outcome>PASS</outcome>
   <property name='target'>local</property>
  </result>
  <result id='regressions.tiny.testreductions'>
   <outcome>PASS</outcome>
   <property name='target'>local</property>
  </result>
  <result id='regressions.array.array_test25'>
   <outcome>PASS</outcome>
   <property name='target'>local</property>
  </result>
  <result id='regressions.array.array_test22'>
   <outcome>PASS</outcome>
   <property name='target'>local</property>
  </result>
  <result id='benchmarks.doof2dump.doof2dump'>
   <outcome>PASS</outcome>
   <property name='target'>local</property>
  </result>
  <result id='regressions.dynamicarray.dynamic_array_test5'>
   <outcome>FAIL</outcome>
   <property name='stderr'>make: *** [/home/oldham/pooma/pooma0/src/DynamicArray/tests/LINUXgcc/dynamic_array_test5.o] Error 1
</property>
   <property name='exit_code'>2</property>
   <property name='cause'>Unexpected exit code, err.</property>
   <property name='target'>local</property>
  </result>
  <result id='regressions.array.array_test21'>
   <outcome>PASS</outcome>
   <property name='target'>local</property>
  </result>
  <result id='regressions.field.testmeshfunctors'>
   <outcome>PASS</outcome>
   <property name='target'>local</property>
  </result>
  <result id='regressions.connect.lux.bytefield'>
   <outcome>FAIL</outcome>
   <property name='stderr'>make: *** [/home/oldham/pooma/pooma0/src/Connect/Lux/tests/LINUXgcc/bytefield.o] Error 1
</property>
   <property name='exit_code'>2</property>
   <property name='cause'>Unexpected exit code, err.</property>
   <property name='target'>local</property>
  </result>
  <result id='regressions.tulip.gridbroadcasttest'>
   <outcome>PASS</outcome>
   <property name='target'>local</property>
  </result>
  <result id='regressions.io.filesetreadertest1'>
   <outcome>FAIL</outcome>
   <property name='stderr'>### POOMA Assertion Failure ###
### Domains don't match
### File /home/oldham/pooma/pooma0/src/IO/FileSetReader.cpp; Line 245.
Pooma::pAbort called.
In default abort handler.
</property>
   <property name='exit_code'>134</property>
   <property name='cause'>Unexpected exit code, err.</property>
   <property name='target'>local</property>
  </result>
  <result id='examples.particles.bounce.bounce'>
   <outcome>FAIL</outcome>
   <property name='stderr'>make: *** [/home/oldham/pooma/pooma0/examples/Particles/Bounce/LINUXgcc/Bounce.o] Error 1
</property>
   <property name='exit_code'>2</property>
   <property name='cause'>Unexpected exit code, err.</property>
   <property name='target'>local</property>
  </result>
  <result id='regressions.array.array_test28'>
   <outcome>PASS</outcome>
   <property name='target'>local</property>
  </result>
  <result id='regressions.io.filesetreadertest2'>
   <outcome>FAIL</outcome>
   <property name='stderr'>### POOMA Assertion Failure ###
### Domains don't match
### File /home/oldham/pooma/pooma0/src/IO/FileSetReader.cpp; Line 245.
Pooma::pAbort called.
In default abort handler.
</property>
   <property name='exit_code'>134</property>
   <property name='cause'>Unexpected exit code, err.</property>
   <property name='target'>local</property>
  </result>
  <result id='examples.doof2d.doof2d'>
   <outcome>PASS</outcome>
   <property name='target'>local</property>
  </result>
  <result id='benchmarks.simplearray.simplearray'>
   <outcome>PASS</outcome>
   <property name='target'>local</property>
  </result>
  <result id='regressions.connect.lux.lux_test1'>
   <outcome>FAIL</outcome>
   <property name='stderr'>make: *** [/home/oldham/pooma/pooma0/src/Connect/Lux/tests/LINUXgcc/lux_test1.o] Error 1
</property>
   <property name='exit_code'>2</property>
   <property name='cause'>Unexpected exit code, err.</property>
   <property name='target'>local</property>
  </result>
  <result id='regressions.engine.brickview_test1'>
   <outcome>PASS</outcome>
   <property name='target'>local</property>
  </result>
  <result id='regressions.particles.attributelist'>
   <outcome>PASS</outcome>
   <property name='target'>local</property>
  </result>
  <result id='examples.paws.receiver'>
   <outcome>PASS</outcome>
   <property name='target'>local</property>
  </result>
  <result id='examples.solvers.krylov.problem1'>
   <outcome>PASS</outcome>
   <property name='target'>local</property>
  </result>
  <result id='benchmarks.doof2dgmp.doof2dgmp'>
   <outcome>PASS</outcome>
   <property name='target'>local</property>
  </result>
  <result id='benchmarks.gkpoisson.gkpoisson'>
   <outcome>PASS</outcome>
   <property name='target'>local</property>
  </result>
  <result id='regressions.particles.bclist'>
   <outcome>PASS</outcome>
   <property name='target'>local</property>
  </result>
  <result id='regressions.engine.indirect_test1'>
   <outcome>PASS</outcome>
   <property name='target'>local</property>
  </result>
  <result id='regressions.field.wheretest'>
   <outcome>PASS</outcome>
   <property name='target'>local</property>
  </result>
  <result id='regressions.partition.ugp_test'>
   <outcome>PASS</outcome>
   <property name='target'>local</property>
  </result>
  <result id='regressions.field.testbasicrelations'>
   <outcome>PASS</outcome>
   <property name='target'>local</property>
  </result>
  <result id='regressions.array.array_test8'>
   <outcome>PASS</outcome>
   <property name='target'>local</property>
  </result>
  <result id='examples.userfunction.costimes.costimes'>
   <outcome>PASS</outcome>
   <property name='target'>local</property>
  </result>
  <result id='examples.solvers.residuals.residuals'>
   <outcome>PASS</outcome>
   <property name='target'>local</property>
  </result>
  <result id='benchmarks.messaging.messaging'>
   <outcome>PASS</outcome>
   <property name='target'>local</property>
  </result>
  <result id='regressions.array.array_test7'>
   <outcome>PASS</outcome>
   <property name='target'>local</property>
  </result>
  <result id='regressions.array.array_test6'>
   <outcome>PASS</outcome>
   <property name='target'>local</property>
  </result>
  <result id='regressions.array.array_test1'>
   <outcome>PASS</outcome>
   <property name='target'>local</property>
  </result>
  <result id='regressions.evaluator.reductiontest1'>
   <outcome>PASS</outcome>
   <property name='target'>local</property>
  </result>
  <result id='regressions.array.array_test3'>
   <outcome>PASS</outcome>
   <property name='target'>local</property>
  </result>
  <result id='regressions.array.array_test2'>
   <outcome>PASS</outcome>
   <property name='target'>local</property>
  </result>
  <result id='regressions.array.array_test20'>
   <outcome>PASS</outcome>
   <property name='target'>local</property>
  </result>
  <result id='regressions.array.array_test23'>
   <outcome>PASS</outcome>
   <property name='target'>local</property>
  </result>
  <result id='examples.field.laplace.laplace'>
   <outcome>FAIL</outcome>
   <property name='stderr'>make: *** [/home/oldham/pooma/pooma0/examples/Field/Laplace/LINUXgcc/Laplace.o] Error 1
</property>
   <property name='exit_code'>2</property>
   <property name='cause'>Unexpected exit code, err.</property>
   <property name='target'>local</property>
  </result>
  <result id='regressions.field.fieldoffset'>
   <outcome>PASS</outcome>
   <property name='target'>local</property>
  </result>
  <result id='regressions.array.scalaradvection'>
   <outcome>FAIL</outcome>
   <property name='stderr'>make: *** [/home/oldham/pooma/pooma0/src/Array/tests/LINUXgcc/ScalarAdvection.o] Error 1
</property>
   <property name='exit_code'>2</property>
   <property name='cause'>Unexpected exit code, err.</property>
   <property name='target'>local</property>
  </result>
  <result id='regressions.functions.rngsimple'>
   <outcome>PASS</outcome>
   <property name='target'>local</property>
  </result>
  <result id='regressions.io.metatokeniteratortest1'>
   <outcome>PASS</outcome>
   <property name='target'>local</property>
  </result>
  <result id='regressions.array.scalaradvectionxb'>
   <outcome>FAIL</outcome>
   <property name='stderr'>make: *** [/home/oldham/pooma/pooma0/src/Array/tests/LINUXgcc/ScalarAdvectionXB.o] Error 1
</property>
   <property name='exit_code'>2</property>
   <property name='cause'>Unexpected exit code, err.</property>
   <property name='target'>local</property>
  </result>
  <result id='regressions.engine.gmp_test2'>
   <outcome>PASS</outcome>
   <property name='target'>local</property>
  </result>
  <result id='regressions.engine.gmp_test3'>
   <outcome>PASS</outcome>
   <property name='target'>local</property>
  </result>
  <result id='regressions.engine.gmp_test1'>
   <outcome>PASS</outcome>
   <property name='target'>local</property>
  </result>
  <result id='examples.solvers.simplejacobi.simplejacobi'>
   <outcome>PASS</outcome>
   <property name='target'>local</property>
  </result>
  <result id='regressions.engine.remotebricktest1'>
   <outcome>PASS</outcome>
   <property name='target'>local</property>
  </result>
  <result id='examples.components.shock.shock'>
   <outcome>PASS</outcome>
   <property name='target'>local</property>
  </result>
  <result id='regressions.engine.ump_test1'>
   <outcome>PASS</outcome>
   <property name='target'>local</property>
  </result>
  <result id='regressions.particles.spatial'>
   <outcome>PASS</outcome>
   <property name='target'>local</property>
  </result>
  <result id='regressions.particles.particle_test1'>
   <outcome>FAIL</outcome>
   <property name='stderr'>make: *** [/home/oldham/pooma/pooma0/src/Particles/tests/LINUXgcc/particle_test1.o] Error 1
</property>
   <property name='exit_code'>2</property>
   <property name='cause'>Unexpected exit code, err.</property>
   <property name='target'>local</property>
  </result>
  <result id='benchmarks.solvers.jacobi.jacobi'>
   <outcome>PASS</outcome>
   <property name='target'>local</property>
  </result>
  <result id='examples.field.statigraphicflow.statigraphicflow'>
   <outcome>FAIL</outcome>
   <property name='stderr'>make: *** [/home/oldham/pooma/pooma0/examples/Field/StatigraphicFlow/LINUXgcc/StatigraphicFlow.o] Error 1
</property>
   <property name='exit_code'>2</property>
   <property name='cause'>Unexpected exit code, err.</property>
   <property name='target'>local</property>
  </result>
  <result id='regressions.particles.particle_test2'>
   <outcome>FAIL</outcome>
   <property name='stderr'>make: *** [/home/oldham/pooma/pooma0/src/Particles/tests/LINUXgcc/particle_test2.o] Error 1
</property>
   <property name='exit_code'>2</property>
   <property name='cause'>Unexpected exit code, err.</property>
   <property name='target'>local</property>
  </result>
  <result id='regressions.tiny.testdet'>
   <outcome>PASS</outcome>
   <property name='target'>local</property>
  </result>
  <result id='regressions.utilities.dbptr_test4'>
   <outcome>PASS</outcome>
   <property name='target'>local</property>
  </result>
  <result id='regressions.field.meshtest1'>
   <outcome>PASS</outcome>
   <property name='target'>local</property>
  </result>
  <result id='regressions.layout.xcontextlayout_test'>
   <outcome>PASS</outcome>
   <property name='target'>local</property>
  </result>
  <result id='regressions.domain.grid'>
   <outcome>PASS</outcome>
   <property name='target'>local</property>
  </result>
  <result id='regressions.engine.compbrick_test1'>
   <outcome>PASS</outcome>
   <property name='target'>local</property>
  </result>
  <result id='regressions.array.array_test24'>
   <outcome>PASS</outcome>
   <property name='target'>local</property>
  </result>
  <result id='regressions.utilities.dbptr_test1'>
   <outcome>PASS</outcome>
   <property name='target'>local</property>
  </result>
  <result id='regressions.utilities.dbptr_test5'>
   <outcome>PASS</outcome>
   <property name='target'>local</property>
  </result>
  <result id='regressions.pooma.finalize'>
   <outcome>PASS</outcome>
   <property name='target'>local</property>
  </result>
  <result id='regressions.particles.interpolate'>
   <outcome>FAIL</outcome>
   <property name='stderr'>make: *** [/home/oldham/pooma/pooma0/src/Particles/tests/LINUXgcc/interpolate.o] Error 1
</property>
   <property name='exit_code'>2</property>
   <property name='cause'>Unexpected exit code, err.</property>
   <property name='target'>local</property>
  </result>
  <result id='regressions.utilities.dbptr_test3'>
   <outcome>PASS</outcome>
   <property name='target'>local</property>
  </result>
  <result id='regressions.utilities.dbptr_test2'>
   <outcome>PASS</outcome>
   <property name='target'>local</property>
  </result>
  <result id='regressions.particles.particle_test4'>
   <outcome>FAIL</outcome>
   <property name='stderr'>make: *** [/home/oldham/pooma/pooma0/src/Particles/tests/LINUXgcc/particle_test4.o] Error 1
</property>
   <property name='exit_code'>2</property>
   <property name='cause'>Unexpected exit code, err.</property>
   <property name='target'>local</property>
  </result>
  <result id='regressions.domain.domaintest'>
   <outcome>PASS</outcome>
   <property name='target'>local</property>
  </result>
  <result id='regressions.tiny.testtranspose'>
   <outcome>PASS</outcome>
   <property name='target'>local</property>
  </result>
  <result id='regressions.field.testrelationgroups'>
   <outcome>PASS</outcome>
   <property name='target'>local</property>
  </result>
  <result id='regressions.tulip.vectorbroadcasttest'>
   <outcome>PASS</outcome>
   <property name='target'>local</property>
  </result>
  <result id='regressions.functions.rngarray'>
   <outcome>PASS</outcome>
   <property name='target'>local</property>
  </result>
  <result id='regressions.field.positions'>
   <outcome>FAIL</outcome>
   <property name='stderr'>make: *** [/home/oldham/pooma/pooma0/src/Field/tests/LINUXgcc/Positions.o] Error 1
</property>
   <property name='exit_code'>2</property>
   <property name='cause'>Unexpected exit code, err.</property>
   <property name='target'>local</property>
  </result>
  <result id='regressions.connect.paws.paws_test5'>
   <outcome>PASS</outcome>
   <property name='target'>local</property>
  </result>
  <result id='regressions.connect.paws.paws_test4'>
   <outcome>PASS</outcome>
   <property name='target'>local</property>
  </result>
  <result id='regressions.connect.paws.paws_test7'>
   <outcome>PASS</outcome>
   <property name='target'>local</property>
  </result>
  <result id='regressions.connect.paws.paws_test6'>
   <outcome>PASS</outcome>
   <property name='target'>local</property>
  </result>
  <result id='regressions.connect.paws.paws_test1'>
   <outcome>PASS</outcome>
   <property name='target'>local</property>
  </result>
  <result id='regressions.connect.paws.paws_test3'>
   <outcome>PASS</outcome>
   <property name='target'>local</property>
  </result>
  <result id='regressions.connect.paws.paws_test2'>
   <outcome>PASS</outcome>
   <property name='target'>local</property>
  </result>
  <result id='examples.tiny.tiny'>
   <outcome>PASS</outcome>
   <property name='target'>local</property>
  </result>
  <result id='regressions.utilities.inform_test'>
   <outcome>PASS</outcome>
   <property name='target'>local</property>
  </result>
  <result id='benchmarks.doof2d.doof2d'>
   <outcome>PASS</outcome>
   <property name='target'>local</property>
  </result>
  <result id='regressions.connect.paws.paws_test8'>
   <outcome>PASS</outcome>
   <property name='target'>local</property>
  </result>
  <result id='regressions.pooma.pooma'>
   <outcome>PASS</outcome>
   <property name='target'>local</property>
  </result>
  <result id='regressions.domain.domainro'>
   <outcome>PASS</outcome>
   <property name='target'>local</property>
  </result>
  <result id='regressions.field.crossbox'>
   <outcome>FAIL</outcome>
   <property name='stderr'>make: *** [/home/oldham/pooma/pooma0/src/Field/tests/LINUXgcc/CrossBox.o] Error 1
</property>
   <property name='exit_code'>2</property>
   <property name='cause'>Unexpected exit code, err.</property>
   <property name='target'>local</property>
  </result>
  <result id='regressions.tulip.patchsizesyncertest'>
   <outcome>PASS</outcome>
   <property name='target'>local</property>
  </result>
  <result id='regressions.particles.bctest2'>
   <outcome>PASS</outcome>
   <property name='target'>local</property>
  </result>
  <result id='regressions.particles.bctest3'>
   <outcome>PASS</outcome>
   <property name='target'>local</property>
  </result>
  <result id='regressions.particles.bctest1'>
   <outcome>PASS</outcome>
   <property name='target'>local</property>
  </result>
  <result id='examples.solvers.sequential.sequential'>
   <outcome>PASS</outcome>
   <property name='target'>local</property>
  </result>
 </test-results>
 <resource-results/>
</test-run>
